<?xml version="1.0" encoding="UTF-8"?>
<!-- Generated by org.testng.reporters.JUnitReportReporter -->
<testsuite hostname="DESKTOP-62U3C5E" failures="0" tests="2" name="cucumber.Options.TestRunner" time="6.124" errors="0" timestamp="2023-02-02T14:02:05 IST" skipped="0">
  <testcase classname="cucumber.Options.TestRunner" name="runScenario" time="5.185"/>
  <system-out/>
  <testcase classname="cucumber.Options.TestRunner" name="runScenario" time="0.939"/>
  <system-out/>
</testsuite> <!-- cucumber.Options.TestRunner -->
