<?xml version="1.0" encoding="UTF-8"?>
<!-- Generated by org.testng.reporters.JUnitReportReporter -->
<testsuite skipped="0" hostname="DESKTOP-62U3C5E" name="cucumber.Options.TestRunner" tests="2" failures="0" timestamp="2023-02-02T16:23:18 IST" time="7.159" errors="0">
  <testcase name="runScenario" time="1.110" classname="cucumber.Options.TestRunner"/>
  <system-out/>
  <testcase name="runScenario" time="6.049" classname="cucumber.Options.TestRunner"/>
  <system-out/>
</testsuite> <!-- cucumber.Options.TestRunner -->
